<?xml version="1.0" encoding="UTF-8"?>
<!-- Generated by org.testng.reporters.JUnitReportReporter -->
<testsuite hostname="shajahanspc" failures="0" tests="1" name="com.qa.TN.TestCases.LoginTest" time="6.598" errors="0" timestamp="2024-01-02T22:27:42 EET" skipped="0">
  <testcase classname="com.qa.TN.TestCases.LoginTest" name="verifyLoginWithValidCredentials" time="6.598"/>
</testsuite> <!-- com.qa.TN.TestCases.LoginTest -->
