<?xml version="1.0" encoding="UTF-8"?>
<!-- Generated by org.testng.reporters.JUnitReportReporter -->
<testsuite hostname="shajahanspc" failures="0" tests="1" name="com.qa.TN.TestCases.SearchProductTest" time="5.179" errors="0" timestamp="2024-01-02T22:44:59 EET" skipped="0">
  <testcase classname="com.qa.TN.TestCases.SearchProductTest" name="SearchWithValidProduct" time="5.179"/>
</testsuite> <!-- com.qa.TN.TestCases.SearchProductTest -->
